
Showing logs for build [32mfbelzunc-go-demo-6-pr-2-serverl-1[0m stage [32mmeta-pipeline[0m and container [32mstep-credential-initializer-s9gpt[0m
{"level":"warn","ts":1568893272.6077564,"logger":"fallback-logger","caller":"logging/config.go:69","msg":"Fetch GitHub commit ID from kodata failed: \"ref: refs/heads/master\" is not a valid GitHub commit ID"}
{"level":"info","ts":1568893272.608608,"logger":"fallback-logger","caller":"creds-init/main.go:40","msg":"Credentials initialized."}

Showing logs for build [32mfbelzunc-go-demo-6-pr-2-serverl-1[0m stage [32mmeta-pipeline[0m and container [32mstep-working-dir-initializer-6nscw[0m
{"level":"warn","ts":1568893273.9951987,"logger":"fallback-logger","caller":"logging/config.go:69","msg":"Fetch GitHub commit ID from kodata failed: open /var/run/ko/HEAD: no such file or directory"}
{"level":"info","ts":1568893273.997122,"logger":"fallback-logger","caller":"bash/main.go:65","msg":"Successfully executed command \"mkdir -p /workspace/source\""}

Showing logs for build [32mfbelzunc-go-demo-6-pr-2-serverl-1[0m stage [32mmeta-pipeline[0m and container [32mstep-place-tools[0m

Showing logs for build [32mfbelzunc-go-demo-6-pr-2-serverl-1[0m stage [32mmeta-pipeline[0m and container [32mstep-git-source-meta-fbelzunc-go-demo-6-pr-2-se-68k55[0m
{"level":"warn","ts":1568893282.0631366,"logger":"fallback-logger","caller":"logging/config.go:69","msg":"Fetch GitHub commit ID from kodata failed: \"ref: refs/heads/master\" is not a valid GitHub commit ID"}
{"level":"info","ts":1568893282.3869643,"logger":"fallback-logger","caller":"git/git.go:102","msg":"Successfully cloned https://github.com/********/go-demo-6.git @ 95347bc6a0092eb51d1b9d599b1af0532d79711e in path /workspace/source"}

Showing logs for build [32mfbelzunc-go-demo-6-pr-2-serverl-1[0m stage [32mmeta-pipeline[0m and container [32mstep-git-merge[0m
Using SHAs from PULL_REFS=master:95347bc6a0092eb51d1b9d599b1af0532d79711e,2:ac0f719e6cb7ff7d06ba8e4e641cadda8792a544
DEBUG: ran git fetch --unshallow origin ac0f719e6cb7ff7d06ba8e4e641cadda8792a544: 95347bc6a0092eb51d1b9d599b1af0532d79711e: in 
DEBUG: ran git checkout master in 
DEBUG: ran git reset --hard 95347bc6a0092eb51d1b9d599b1af0532d79711e in 
DEBUG: ran clean --force -d . in 
DEBUG: ran git merge ac0f719e6cb7ff7d06ba8e4e641cadda8792a544 in 
Merged SHA ac0f719e6cb7ff7d06ba8e4e641cadda8792a544 with commit message 'Trying to extend the pipeline' into base branch master

Showing logs for build [32mfbelzunc-go-demo-6-pr-2-serverl-1[0m stage [32mmeta-pipeline[0m and container [32mstep-merge-pull-refs[0m
DEBUG: ran git fetch origin ac0f719e6cb7ff7d06ba8e4e641cadda8792a544: 95347bc6a0092eb51d1b9d599b1af0532d79711e: in 
DEBUG: Unshallowed git repo in 
DEBUG: ran git checkout master in 
DEBUG: ran git reset --hard 95347bc6a0092eb51d1b9d599b1af0532d79711e in 
DEBUG: ran clean --force -d . in 
DEBUG: ran git merge ac0f719e6cb7ff7d06ba8e4e641cadda8792a544 in 
Merged SHA ac0f719e6cb7ff7d06ba8e4e641cadda8792a544 with commit message 'Trying to extend the pipeline' into base branch master

Showing logs for build [32mfbelzunc-go-demo-6-pr-2-serverl-1[0m stage [32mmeta-pipeline[0m and container [32mstep-create-effective-pipeline[0m
Deleting and cloning the Jenkins X versions repo
Cloning the Jenkins X versions repo https://github.com/jenkins-x/jenkins-x-versions.git with ref refs/heads/master to /builder/home/.jx/jenkins-x-versions
Effective pipeline written to jenkins-x-serverless-jenkins-effective.yml

Showing logs for build [32mfbelzunc-go-demo-6-pr-2-serverl-1[0m stage [32mmeta-pipeline[0m and container [32mstep-create-tekton-crds[0m
PipelineActivity for ********-go-demo-6-PR-2-1
Applying changes 
upserted PipelineResource ********-go-demo-6-pr-2-serverl for the git repository https://github.com/********/go-demo-6.git
upserted Task ********-go-demo-6-pr-2-serverl-from-build-pack-1
upserted Pipeline ********-go-demo-6-pr-2-serverl-1
created PipelineRun ********-go-demo-6-pr-2-serverl-1
created PipelineStructure ********-go-demo-6-pr-2-serverl-1

Showing logs for build [32mfbelzunc-go-demo-6-pr-2-serverl-1[0m stage [32mfrom-build-pack[0m and container [32mstep-credential-initializer-jdr96[0m
{"level":"warn","ts":1568893298.6120071,"logger":"fallback-logger","caller":"logging/config.go:69","msg":"Fetch GitHub commit ID from kodata failed: \"ref: refs/heads/master\" is not a valid GitHub commit ID"}
{"level":"info","ts":1568893298.6125598,"logger":"fallback-logger","caller":"creds-init/main.go:40","msg":"Credentials initialized."}

Showing logs for build [32mfbelzunc-go-demo-6-pr-2-serverl-1[0m stage [32mfrom-build-pack[0m and container [32mstep-working-dir-initializer-prrch[0m
{"level":"warn","ts":1568893299.5821831,"logger":"fallback-logger","caller":"logging/config.go:69","msg":"Fetch GitHub commit ID from kodata failed: open /var/run/ko/HEAD: no such file or directory"}
{"level":"info","ts":1568893299.5831912,"logger":"fallback-logger","caller":"bash/main.go:65","msg":"Successfully executed command \"mkdir -p /workspace/source /workspace/source/charts/preview\""}

Showing logs for build [32mfbelzunc-go-demo-6-pr-2-serverl-1[0m stage [32mfrom-build-pack[0m and container [32mstep-place-tools[0m

Showing logs for build [32mfbelzunc-go-demo-6-pr-2-serverl-1[0m stage [32mfrom-build-pack[0m and container [32mstep-git-source-fbelzunc-go-demo-6-pr-2-serverl-6bkt2[0m
{"level":"warn","ts":1568893305.6986215,"logger":"fallback-logger","caller":"logging/config.go:69","msg":"Fetch GitHub commit ID from kodata failed: \"ref: refs/heads/master\" is not a valid GitHub commit ID"}
{"level":"info","ts":1568893306.0201974,"logger":"fallback-logger","caller":"git/git.go:102","msg":"Successfully cloned https://github.com/********/go-demo-6.git @ master in path /workspace/source"}

Showing logs for build [32mfbelzunc-go-demo-6-pr-2-serverl-1[0m stage [32mfrom-build-pack[0m and container [32mstep-git-merge[0m
Using SHAs from PULL_REFS=master:95347bc6a0092eb51d1b9d599b1af0532d79711e,2:ac0f719e6cb7ff7d06ba8e4e641cadda8792a544
DEBUG: ran git fetch --unshallow origin ac0f719e6cb7ff7d06ba8e4e641cadda8792a544: 95347bc6a0092eb51d1b9d599b1af0532d79711e: in 
DEBUG: ran git checkout master in 
DEBUG: ran git reset --hard 95347bc6a0092eb51d1b9d599b1af0532d79711e in 
DEBUG: ran clean --force -d . in 
DEBUG: ran git merge ac0f719e6cb7ff7d06ba8e4e641cadda8792a544 in 
Merged SHA ac0f719e6cb7ff7d06ba8e4e641cadda8792a544 with commit message 'Trying to extend the pipeline' into base branch master

Showing logs for build [32mfbelzunc-go-demo-6-pr-2-serverl-1[0m stage [32mfrom-build-pack[0m and container [32mstep-build-step2[0m
go: finding github.com/matttproud/golang_protobuf_extensions v1.0.1
go: finding github.com/prometheus/client_model v0.0.0-20180712105110-5c3871d89910
go: finding github.com/beorn7/perks v0.0.0-20180321164747-3a771d992973
go: finding github.com/davecgh/go-spew v1.1.1
go: finding github.com/prometheus/procfs v0.0.0-20181204211112-1dc9a6cbc91a
go: finding github.com/pmezard/go-difflib v1.0.0
go: finding github.com/stretchr/testify v1.2.2
go: finding github.com/golang/protobuf v1.2.0
go: finding github.com/stretchr/objx v0.1.1
go: finding gopkg.in/mgo.v2 v2.0.0-20180705113604-9856a29383ce
go: finding github.com/prometheus/client_golang v0.9.2
go: finding github.com/prometheus/common v0.0.0-20181126121408-4724e9255275
go: finding golang.org/x/net v0.0.0-20181201002055-351d144fa1fc
go: finding golang.org/x/sync v0.0.0-20181108010431-42b317875d0f
go: downloading github.com/prometheus/client_golang v0.9.2
go: downloading gopkg.in/mgo.v2 v2.0.0-20180705113604-9856a29383ce
go: extracting github.com/prometheus/client_golang v0.9.2
go: downloading github.com/beorn7/perks v0.0.0-20180321164747-3a771d992973
go: downloading github.com/prometheus/common v0.0.0-20181126121408-4724e9255275
go: downloading github.com/prometheus/procfs v0.0.0-20181204211112-1dc9a6cbc91a
go: downloading github.com/golang/protobuf v1.2.0
go: downloading github.com/prometheus/client_model v0.0.0-20180712105110-5c3871d89910
go: extracting github.com/beorn7/perks v0.0.0-20180321164747-3a771d992973
go: extracting gopkg.in/mgo.v2 v2.0.0-20180705113604-9856a29383ce
go: extracting github.com/prometheus/procfs v0.0.0-20181204211112-1dc9a6cbc91a
go: extracting github.com/prometheus/client_model v0.0.0-20180712105110-5c3871d89910
go: extracting github.com/prometheus/common v0.0.0-20181126121408-4724e9255275
go: downloading github.com/matttproud/golang_protobuf_extensions v1.0.1
go: extracting github.com/matttproud/golang_protobuf_extensions v1.0.1
go: extracting github.com/golang/protobuf v1.2.0
CGO_ENABLED=0 GO15VENDOREXPERIMENT=1 go test --run UnitTest -v
go: downloading github.com/stretchr/testify v1.2.2
go: extracting github.com/stretchr/testify v1.2.2
go: downloading github.com/pmezard/go-difflib v1.0.0
go: downloading github.com/stretchr/objx v0.1.1
go: downloading github.com/davecgh/go-spew v1.1.1
go: extracting github.com/pmezard/go-difflib v1.0.0
go: extracting github.com/davecgh/go-spew v1.1.1
go: extracting github.com/stretchr/objx v0.1.1
=== RUN   TestMainUnitTestSuite
=== RUN   TestMainUnitTestSuite/Test_HelloServer_Waits_WhenDelayIsPresent
=== RUN   TestMainUnitTestSuite/Test_HelloServer_WritesHelloWorld
=== RUN   TestMainUnitTestSuite/Test_HelloServer_WritesNokEventually
=== RUN   TestMainUnitTestSuite/Test_HelloServer_WritesOk
=== RUN   TestMainUnitTestSuite/Test_PersonServer_InvokesUpsertId_WhenPutPerson
=== RUN   TestMainUnitTestSuite/Test_PersonServer_Panics_WhenFindReturnsError
=== RUN   TestMainUnitTestSuite/Test_PersonServer_Panics_WhenUpsertIdReturnsError
=== RUN   TestMainUnitTestSuite/Test_PersonServer_WritesPeople
=== RUN   TestMainUnitTestSuite/Test_RunServer_InvokesListenAndServe
=== RUN   TestMainUnitTestSuite/Test_SetupMetrics_InitializesHistogram
--- PASS: TestMainUnitTestSuite (0.01s)
    --- PASS: TestMainUnitTestSuite/Test_HelloServer_Waits_WhenDelayIsPresent (0.00s)
    --- PASS: TestMainUnitTestSuite/Test_HelloServer_WritesHelloWorld (0.00s)
    --- PASS: TestMainUnitTestSuite/Test_HelloServer_WritesNokEventually (0.00s)
    --- PASS: TestMainUnitTestSuite/Test_HelloServer_WritesOk (0.00s)
    --- PASS: TestMainUnitTestSuite/Test_PersonServer_InvokesUpsertId_WhenPutPerson (0.00s)
    --- PASS: TestMainUnitTestSuite/Test_PersonServer_Panics_WhenFindReturnsError (0.00s)
    --- PASS: TestMainUnitTestSuite/Test_PersonServer_Panics_WhenUpsertIdReturnsError (0.00s)
    --- PASS: TestMainUnitTestSuite/Test_PersonServer_WritesPeople (0.00s)
    --- PASS: TestMainUnitTestSuite/Test_RunServer_InvokesListenAndServe (0.00s)
    --- PASS: TestMainUnitTestSuite/Test_SetupMetrics_InitializesHistogram (0.00s)
PASS
ok  	go-demo-6	0.012s

Showing logs for build [32mfbelzunc-go-demo-6-pr-2-serverl-1[0m stage [32mfrom-build-pack[0m and container [32mstep-build-make-linux[0m
CGO_ENABLED=0 GOOS=linux GOARCH=amd64 GO15VENDOREXPERIMENT=1 go build -ldflags '' -o bin/go-demo-6 main.go

Showing logs for build [32mfbelzunc-go-demo-6-pr-2-serverl-1[0m stage [32mfrom-build-pack[0m and container [32mstep-build-container-build[0m
[36mINFO[0m[0000] No base image, nothing to extract            
[36mINFO[0m[0000] cmd: EXPOSE                                  
[36mINFO[0m[0000] Adding exposed port: 8080/tcp                
[36mINFO[0m[0000] Using files from context: [/workspace/source/bin] 
[36mINFO[0m[0000] Skipping unpacking as no commands require it. 
[36mINFO[0m[0000] Taking snapshot of full filesystem...        
[36mINFO[0m[0000] EXPOSE 8080                                  
[36mINFO[0m[0000] cmd: EXPOSE                                  
[36mINFO[0m[0000] Adding exposed port: 8080/tcp                
[36mINFO[0m[0000] No files changed in this command, skipping snapshotting. 
[36mINFO[0m[0000] ENTRYPOINT ["/go-demo-6"]                    
[36mINFO[0m[0000] No files changed in this command, skipping snapshotting. 
[36mINFO[0m[0000] Using files from context: [/workspace/source/bin] 
[36mINFO[0m[0000] COPY ./bin/ /                                
[36mINFO[0m[0000] Taking snapshot of files...                  
2019/09/19 11:42:09 pushed blob: sha256:c00d2ab75e99d38401c22187fd72c412593a7b**a0e8224d1d0c69376daf3f33
2019/09/19 11:42:09 pushed blob: sha256:500ecc292be9b6e0418ee73cc9d21cbb50959806f7688e0852af2af6873426bb
2019/09/19 11:42:10 gcr.io/********-123/go-demo-6:0.0.0-SNAPSHOT-PR-2-1: digest: sha256:63ad95de3e62839b69ba7562f0430d7f22b083435506f19fcfb695d294422923 size: 428

Showing logs for build [32mfbelzunc-go-demo-6-pr-2-serverl-1[0m stage [32mfrom-build-pack[0m and container [32mstep-postbuild-post-build[0m
no CVE provider running in the current ** namespace so skip adding image to be analysed

Showing logs for build [32mfbelzunc-go-demo-6-pr-2-serverl-1[0m stage [32mfrom-build-pack[0m and container [32mstep-promote-make-preview[0m
sed -i -e "s/version:.*/version: 0.0.0-SNAPSHOT-PR-2-1/" Chart.yaml
sed -i -e "s/version:.*/version: 0.0.0-SNAPSHOT-PR-2-1/" ../*/Chart.yaml
sed -i -e "s|repository:.*|repository: gcr.io\/********-123\/go-demo-6|" values.yaml
sed -i -e "s/tag:.*/tag: 0.0.0-SNAPSHOT-PR-2-1/" values.yaml
echo "  version: 0.0.0-SNAPSHOT-PR-2-1" >> requirements.yaml
jx step helm build
WARNING: No $CHART_REPOSITORY defined so using the default value of: http://jenkins-x-chartmuseum:8080
Adding missing Helm repo: storage.googleapis.com https://storage.googleapis.com/chartmuseum.jenkins-x.io
Successfully added Helm repository storage.googleapis.com.
Adding missing Helm repo: jenkins-x-chartmuseum http://jenkins-x-chartmuseum:8080
Successfully added Helm repository jenkins-x-chartmuseum.
WARNING: No $CHART_REPOSITORY defined so using the default value of: http://jenkins-x-chartmuseum:8080
Adding missing Helm repo: chartmuseum.jenkins-x.io http://chartmuseum.jenkins-x.io
Successfully added Helm repository chartmuseum.jenkins-x.io.

Showing logs for build [32mfbelzunc-go-demo-6-pr-2-serverl-1[0m stage [32mfrom-build-pack[0m and container [32mstep-promote-jx-preview[0m
Creating a preview
Commit author email is empty for: ac0f719e6cb7ff7d06ba8e4e641cadda8792a544
Looking for commits in: /workspace/source/
Found commit author match for: ******** with email address: ********@gmail.com
Created environment ********-go-demo-6-pr-2
Namespace **-********-go-demo-6-pr-2 created 
expose:
  Annotations:
    helm.sh/hook: post-install,post-upgrade
    helm.sh/hook-delete-policy: hook-succeeded
  config:
    domain: 34.74.238.168.nip.io
    exposer: Ingress
    http: "true"
preview:
  image:
    repository: gcr.io/********-123/go-demo-6
    tag: 0.0.0-SNAPSHOT-PR-2-1
Deleting and cloning the Jenkins X versions repo
Cloning the Jenkins X versions repo https://github.com/jenkins-x/jenkins-x-versions.git with ref refs/heads/master to /builder/home/.jx/jenkins-x-versions


Updating PipelineActivities ********-go-demo-6-pr-2-1 which has status Running
WARNING: preview application http://go-demo-6.**-********-go-demo-6-pr-2.34.74.238.168.nip.io not available, error was 503 503 Service Temporarily Unavailable, delaying for: 1.192024588s
WARNING: preview application http://go-demo-6.**-********-go-demo-6-pr-2.34.74.238.168.nip.io not available, error was 503 503 Service Temporarily Unavailable, delaying for: 1.561649783s
WARNING: preview application http://go-demo-6.**-********-go-demo-6-pr-2.34.74.238.168.nip.io not available, error was 503 503 Service Temporarily Unavailable, delaying for: 2.077092453s
WARNING: preview application http://go-demo-6.**-********-go-demo-6-pr-2.34.74.238.168.nip.io not available, error was 503 503 Service Temporarily Unavailable, delaying for: 2.639523358s
WARNING: preview application http://go-demo-6.**-********-go-demo-6-pr-2.34.74.238.168.nip.io not available, error was 503 503 Service Temporarily Unavailable, delaying for: 6.988999559s
WARNING: preview application http://go-demo-6.**-********-go-demo-6-pr-2.34.74.238.168.nip.io not available, error was 503 503 Service Temporarily Unavailable, delaying for: 4.536921008s
Preview application is now available at: http://go-demo-6.**-********-go-demo-6-pr-2.34.74.238.168.nip.io
