
Showing logs for build [32mfbelzunc-go-demo-6-master-1[0m stage [32mmeta-pipeline[0m and container [32mstep-credential-initializer-g59bx[0m
{"level":"warn","ts":1568884131.5487785,"logger":"fallback-logger","caller":"logging/config.go:69","msg":"Fetch GitHub commit ID from kodata failed: \"ref: refs/heads/master\" is not a valid GitHub commit ID"}
{"level":"info","ts":1568884131.5493245,"logger":"fallback-logger","caller":"creds-init/main.go:40","msg":"Credentials initialized."}

Showing logs for build [32mfbelzunc-go-demo-6-master-1[0m stage [32mmeta-pipeline[0m and container [32mstep-working-dir-initializer-wz4t9[0m
{"level":"warn","ts":1568884133.5163586,"logger":"fallback-logger","caller":"logging/config.go:69","msg":"Fetch GitHub commit ID from kodata failed: open /var/run/ko/HEAD: no such file or directory"}
{"level":"info","ts":1568884133.517935,"logger":"fallback-logger","caller":"bash/main.go:65","msg":"Successfully executed command \"mkdir -p /workspace/source\""}

Showing logs for build [32mfbelzunc-go-demo-6-master-1[0m stage [32mmeta-pipeline[0m and container [32mstep-place-tools[0m

Showing logs for build [32mfbelzunc-go-demo-6-master-1[0m stage [32mmeta-pipeline[0m and container [32mstep-git-source-meta-fbelzunc-go-demo-6-master-xzt76[0m
{"level":"warn","ts":1568884149.5048256,"logger":"fallback-logger","caller":"logging/config.go:69","msg":"Fetch GitHub commit ID from kodata failed: \"ref: refs/heads/master\" is not a valid GitHub commit ID"}
{"level":"info","ts":1568884149.8453872,"logger":"fallback-logger","caller":"git/git.go:102","msg":"Successfully cloned https://github.com/********/go-demo-6.git @ 68c3f28e166a9f4815944285f344196c5e484710 in path /workspace/source"}

Showing logs for build [32mfbelzunc-go-demo-6-master-1[0m stage [32mmeta-pipeline[0m and container [32mstep-git-merge[0m
Using SHAs from PULL_REFS=master:68c3f28e166a9f4815944285f344196c5e484710
WARNING: no SHAs to merge, falling back to initial cloned commit

Showing logs for build [32mfbelzunc-go-demo-6-master-1[0m stage [32mmeta-pipeline[0m and container [32mstep-merge-pull-refs[0m
SKIP merge-pull-refs: Nothing to merge

Showing logs for build [32mfbelzunc-go-demo-6-master-1[0m stage [32mmeta-pipeline[0m and container [32mstep-create-effective-pipeline[0m
Deleting and cloning the Jenkins X versions repo
Cloning the Jenkins X versions repo https://github.com/jenkins-x/jenkins-x-versions.git with ref refs/heads/master to /builder/home/.jx/jenkins-x-versions
Effective pipeline written to jenkins-x-effective.yml

Showing logs for build [32mfbelzunc-go-demo-6-master-1[0m stage [32mmeta-pipeline[0m and container [32mstep-create-tekton-crds[0m
running command: echo \$(jx-release-version) > VERSION

running command: jx step tag --version \$(cat VERSION)
Updating chart version in charts/go-demo-6/Chart.yaml to 1.0.406
Updating repository in charts/go-demo-6/values.yaml to gcr.io/********-123/go-demo-6
Updating tag in charts/go-demo-6/values.yaml to 1.0.406
Tag v1.0.406 created and pushed to remote origin

PipelineActivity for ********-go-demo-6-master-1
Applying changes 
upserted PipelineResource ********-go-demo-6-master for the git repository https://github.com/********/go-demo-6.git
upserted Task ********-go-demo-6-master-from-build-pack-1
upserted Pipeline ********-go-demo-6-master-1
created PipelineRun ********-go-demo-6-master-1
created PipelineStructure ********-go-demo-6-master-1

Showing logs for build [32mfbelzunc-go-demo-6-master-1[0m stage [32mfrom-build-pack[0m and container [32mstep-credential-initializer-sj7kb[0m
{"level":"warn","ts":1568884161.9361892,"logger":"fallback-logger","caller":"logging/config.go:69","msg":"Fetch GitHub commit ID from kodata failed: \"ref: refs/heads/master\" is not a valid GitHub commit ID"}
{"level":"info","ts":1568884161.9374006,"logger":"fallback-logger","caller":"creds-init/main.go:40","msg":"Credentials initialized."}

Showing logs for build [32mfbelzunc-go-demo-6-master-1[0m stage [32mfrom-build-pack[0m and container [32mstep-working-dir-initializer-flnv6[0m
{"level":"warn","ts":1568884164.7015347,"logger":"fallback-logger","caller":"logging/config.go:69","msg":"Fetch GitHub commit ID from kodata failed: open /var/run/ko/HEAD: no such file or directory"}
{"level":"info","ts":1568884164.702692,"logger":"fallback-logger","caller":"bash/main.go:65","msg":"Successfully executed command \"mkdir -p /workspace/source /workspace/source/charts/go-demo-6\""}

Showing logs for build [32mfbelzunc-go-demo-6-master-1[0m stage [32mfrom-build-pack[0m and container [32mstep-place-tools[0m

Showing logs for build [32mfbelzunc-go-demo-6-master-1[0m stage [32mfrom-build-pack[0m and container [32mstep-git-source-fbelzunc-go-demo-6-master-wxfpp[0m
{"level":"warn","ts":1568884238.9502966,"logger":"fallback-logger","caller":"logging/config.go:69","msg":"Fetch GitHub commit ID from kodata failed: \"ref: refs/heads/master\" is not a valid GitHub commit ID"}
{"level":"info","ts":1568884239.2668953,"logger":"fallback-logger","caller":"git/git.go:102","msg":"Successfully cloned https://github.com/********/go-demo-6.git @ v1.0.406 in path /workspace/source"}

Showing logs for build [32mfbelzunc-go-demo-6-master-1[0m stage [32mfrom-build-pack[0m and container [32mstep-git-merge[0m
Using SHAs from PULL_REFS=master:68c3f28e166a9f4815944285f344196c5e484710
WARNING: no SHAs to merge, falling back to initial cloned commit

Showing logs for build [32mfbelzunc-go-demo-6-master-1[0m stage [32mfrom-build-pack[0m and container [32mstep-setup-jx-git-credentials[0m
Generated Git credentials file /workspace/xdg_config/git/credentials

Showing logs for build [32mfbelzunc-go-demo-6-master-1[0m stage [32mfrom-build-pack[0m and container [32mstep-build-make-build[0m
go: finding github.com/stretchr/objx v0.1.1
go: finding github.com/pmezard/go-difflib v1.0.0
go: finding github.com/stretchr/testify v1.2.2
go: finding github.com/matttproud/golang_protobuf_extensions v1.0.1
go: finding github.com/beorn7/perks v0.0.0-20180321164747-3a771d992973
go: finding github.com/prometheus/client_golang v0.9.2
go: finding github.com/prometheus/procfs v0.0.0-20181204211112-1dc9a6cbc91a
go: finding github.com/golang/protobuf v1.2.0
go: finding github.com/prometheus/client_model v0.0.0-20180712105110-5c3871d89910
go: finding gopkg.in/mgo.v2 v2.0.0-20180705113604-9856a29383ce
go: finding github.com/prometheus/common v0.0.0-20181126121408-4724e9255275
go: finding github.com/davecgh/go-spew v1.1.1
go: finding golang.org/x/net v0.0.0-20181201002055-351d144fa1fc
go: finding golang.org/x/sync v0.0.0-20181108010431-42b317875d0f
go: downloading github.com/prometheus/client_golang v0.9.2
go: downloading gopkg.in/mgo.v2 v2.0.0-20180705113604-9856a29383ce
go: extracting github.com/prometheus/client_golang v0.9.2
go: downloading github.com/prometheus/common v0.0.0-20181126121408-4724e9255275
go: downloading github.com/prometheus/procfs v0.0.0-20181204211112-1dc9a6cbc91a
go: downloading github.com/prometheus/client_model v0.0.0-20180712105110-5c3871d89910
go: downloading github.com/beorn7/perks v0.0.0-20180321164747-3a771d992973
go: downloading github.com/golang/protobuf v1.2.0
go: extracting github.com/beorn7/perks v0.0.0-20180321164747-3a771d992973
go: extracting gopkg.in/mgo.v2 v2.0.0-20180705113604-9856a29383ce
go: extracting github.com/prometheus/procfs v0.0.0-20181204211112-1dc9a6cbc91a
go: extracting github.com/prometheus/client_model v0.0.0-20180712105110-5c3871d89910
go: extracting github.com/prometheus/common v0.0.0-20181126121408-4724e9255275
go: downloading github.com/matttproud/golang_protobuf_extensions v1.0.1
go: extracting github.com/matttproud/golang_protobuf_extensions v1.0.1
go: extracting github.com/golang/protobuf v1.2.0
CGO_ENABLED=0 GO15VENDOREXPERIMENT=1 go build -ldflags '' -o bin/go-demo-6 main.go

Showing logs for build [32mfbelzunc-go-demo-6-master-1[0m stage [32mfrom-build-pack[0m and container [32mstep-build-container-build[0m
[36mINFO[0m[0000] No base image, nothing to extract            
[36mINFO[0m[0000] cmd: EXPOSE                                  
[36mINFO[0m[0000] Adding exposed port: 8080/tcp                
[36mINFO[0m[0000] Using files from context: [/workspace/source/bin] 
[36mINFO[0m[0000] Skipping unpacking as no commands require it. 
[36mINFO[0m[0000] Taking snapshot of full filesystem...        
[36mINFO[0m[0000] EXPOSE 8080                                  
[36mINFO[0m[0000] cmd: EXPOSE                                  
[36mINFO[0m[0000] Adding exposed port: 8080/tcp                
[36mINFO[0m[0000] No files changed in this command, skipping snapshotting. 
[36mINFO[0m[0000] ENTRYPOINT ["/go-demo-6"]                    
[36mINFO[0m[0000] No files changed in this command, skipping snapshotting. 
[36mINFO[0m[0000] Using files from context: [/workspace/source/bin] 
[36mINFO[0m[0000] COPY ./bin/ /                                
[36mINFO[0m[0000] Taking snapshot of files...                  
2019/09/19 09:10:54 pushed blob: sha256:4c34fec9a157d33032b24d4c1c8ce06f77c1bb28477d7ed1980374aeadb2b67c
2019/09/19 09:10:55 pushed blob: sha256:c48233b5d9669d7a6892f39072f8bc010c0ea6273e22324ea6e821d0cc9cf379
2019/09/19 09:10:55 gcr.io/********-123/go-demo-6:1.0.406: digest: sha256:506a526b839308f3066e5f705f8a6d2f948969dd45bc5a1**4a090d71670898b size: 428

Showing logs for build [32mfbelzunc-go-demo-6-master-1[0m stage [32mfrom-build-pack[0m and container [32mstep-build-post-build[0m
no CVE provider running in the current ** namespace so skip adding image to be analysed

Showing logs for build [32mfbelzunc-go-demo-6-master-1[0m stage [32mfrom-build-pack[0m and container [32mstep-promote-changelog[0m
Converted /workspace/source/charts/go-demo-6 to an unshallow repository
Generating change log from git ref 0ec1f700d840aef5d9fc27da90045f29a2d498e7 => 449a0d237e1461541f91ab5de2d4c60f3fc629c3
Associating user x-0 in users.jenkins.io with email ********@gmail.com to git GitProvider user with login -0 as emails match
Adding label jenkins.io/git-github-userid=-0 to user x-0 in users.jenkins.io
WARNING: Failed to enrich commit 68c3f28e166a9f4815944285f344196c5e484710 with issues: User.jenkins.io "x-0" is invalid: metadata.labels: Invalid value: "-0": a valid label must be an empty string or consist of alphanumeric characters, '-', '_' or '.', and must start and end with an alphanumeric character (e.g. 'MyValue',  or 'my_value',  or '12345', regex used for validation is '(([A-Za-z0-9][-A-Za-z0-9_.]*)?[A-Za-z0-9])?')
Finding issues in commit messages using git format
WARNING: Failed to enrich commit ca4a81a06524bedefac4b6e7e383a69fac1419b2 with issues: users.jenkins.io "x-0" already exists
WARNING: Failed to enrich commit ca4a81a06524bedefac4b6e7e383a69fac1419b2 with issues: users.jenkins.io "x-0" already exists
WARNING: No release found for ********/go-demo-6 and tag v1.0.406 so creating a new release
Updated the release information at https://github.com/********/go-demo-6/releases/tag/v1.0.406
generated: /workspace/source/charts/go-demo-6/templates/release.yaml
Created Release go-demo-6-1-0-406 resource in namespace **
Updating PipelineActivity ********-go-demo-6-master-1 with version 1.0.406
Updated PipelineActivities ********-go-demo-6-master-1 with release notes URL: https://github.com/********/go-demo-6/releases/tag/v1.0.406

Showing logs for build [32mfbelzunc-go-demo-6-master-1[0m stage [32mfrom-build-pack[0m and container [32mstep-promote-helm-release[0m
WARNING: No $CHART_REPOSITORY defined so using the default value of: http://jenkins-x-chartmuseum:8080
Adding missing Helm repo: storage.googleapis.com https://storage.googleapis.com/chartmuseum.jenkins-x.io
Successfully added Helm repository storage.googleapis.com.
Adding missing Helm repo: jenkins-x-chartmuseum http://jenkins-x-chartmuseum:8080
Successfully added Helm repository jenkins-x-chartmuseum.
WARNING: No $CHART_REPOSITORY defined so using the default value of: http://jenkins-x-chartmuseum:8080
WARNING: No $CHART_REPOSITORY defined so using the default value of: http://jenkins-x-chartmuseum:8080
Uploading chart file go-demo-6-1.0.406.tgz to http://jenkins-x-chartmuseum:8080/api/charts
Received 201 response: {"saved":true}

Showing logs for build [32mfbelzunc-go-demo-6-master-1[0m stage [32mfrom-build-pack[0m and container [32mstep-promote-jx-promote[0m
WARNING: prow based install so skip waiting for the merge of Pull Requests to go green as currently there is an issue with gettingstatuses from the PR, see https://github.com/jenkins-x/jx/issues/2410
Promoting app go-demo-6 version 1.0.406 to namespace **-staging
Created Pull Request: https://github.com/********/environment-jx-rocks-staging/pull/1
Pull Request https://github.com/********/environment-jx-rocks-staging/pull/1 is merged at sha 573ce093cc5e0191a2c775429886c72f21e7e638
Pull Request merged but we are not waiting for the update pipeline to complete!
WARNING: Could not find the service URL in namespace **-staging for names go-demo-6, **-go-demo-6, **-staging-go-demo-6
