
Showing logs for build [32mfbelzunc-go-demo-6-master-relea-2[0m stage [32mmeta-pipeline[0m and container [32mstep-credential-initializer-lsh54[0m
{"level":"warn","ts":1568885982.3629296,"logger":"fallback-logger","caller":"logging/config.go:69","msg":"Fetch GitHub commit ID from kodata failed: \"ref: refs/heads/master\" is not a valid GitHub commit ID"}
{"level":"info","ts":1568885982.363585,"logger":"fallback-logger","caller":"creds-init/main.go:40","msg":"Credentials initialized."}

Showing logs for build [32mfbelzunc-go-demo-6-master-relea-2[0m stage [32mmeta-pipeline[0m and container [32mstep-working-dir-initializer-kwfbk[0m
{"level":"warn","ts":1568885983.3373232,"logger":"fallback-logger","caller":"logging/config.go:69","msg":"Fetch GitHub commit ID from kodata failed: open /var/run/ko/HEAD: no such file or directory"}
{"level":"info","ts":1568885983.3382819,"logger":"fallback-logger","caller":"bash/main.go:65","msg":"Successfully executed command \"mkdir -p /workspace/source\""}

Showing logs for build [32mfbelzunc-go-demo-6-master-relea-2[0m stage [32mmeta-pipeline[0m and container [32mstep-place-tools[0m

Showing logs for build [32mfbelzunc-go-demo-6-master-relea-2[0m stage [32mmeta-pipeline[0m and container [32mstep-git-source-meta-fbelzunc-go-demo-6-master-xgzlw[0m
{"level":"warn","ts":1568885989.4403028,"logger":"fallback-logger","caller":"logging/config.go:69","msg":"Fetch GitHub commit ID from kodata failed: \"ref: refs/heads/master\" is not a valid GitHub commit ID"}
{"level":"info","ts":1568885989.754353,"logger":"fallback-logger","caller":"git/git.go:102","msg":"Successfully cloned https://github.com/********/go-demo-6.git @ 93750ed85b90a058d52ffc9b59e01709e7b204a3 in path /workspace/source"}

Showing logs for build [32mfbelzunc-go-demo-6-master-relea-2[0m stage [32mmeta-pipeline[0m and container [32mstep-git-merge[0m
Using SHAs from PULL_REFS=master:93750ed85b90a058d52ffc9b59e01709e7b204a3
WARNING: no SHAs to merge, falling back to initial cloned commit

Showing logs for build [32mfbelzunc-go-demo-6-master-relea-2[0m stage [32mmeta-pipeline[0m and container [32mstep-merge-pull-refs[0m
SKIP merge-pull-refs: Nothing to merge

Showing logs for build [32mfbelzunc-go-demo-6-master-relea-2[0m stage [32mmeta-pipeline[0m and container [32mstep-create-effective-pipeline[0m
Deleting and cloning the Jenkins X versions repo
Cloning the Jenkins X versions repo https://github.com/jenkins-x/jenkins-x-versions.git with ref refs/heads/master to /builder/home/.jx/jenkins-x-versions
Effective pipeline written to jenkins-x-release-effective.yml

Showing logs for build [32mfbelzunc-go-demo-6-master-relea-2[0m stage [32mmeta-pipeline[0m and container [32mstep-create-tekton-crds[0m
running command: echo \$(jx-release-version) > VERSION

running command: jx step tag --version \$(cat VERSION)
Updating chart version in charts/go-demo-6/Chart.yaml to 1.0.407
Updating repository in charts/go-demo-6/values.yaml to gcr.io/********-123/go-demo-6
Updating tag in charts/go-demo-6/values.yaml to 1.0.407
Tag v1.0.407 created and pushed to remote origin

PipelineActivity for ********-go-demo-6-master-2
Applying changes 
upserted PipelineResource ********-go-demo-6-master-relea for the git repository https://github.com/********/go-demo-6.git
upserted Task ********-go-demo-6-master-relea-from-build-pack-2
upserted Pipeline ********-go-demo-6-master-relea-2
created PipelineRun ********-go-demo-6-master-relea-2
created PipelineStructure ********-go-demo-6-master-relea-2

Showing logs for build [32mfbelzunc-go-demo-6-master-relea-2[0m stage [32mfrom-build-pack[0m and container [32mstep-credential-initializer-8dh8r[0m
{"level":"warn","ts":1568886000.53716,"logger":"fallback-logger","caller":"logging/config.go:69","msg":"Fetch GitHub commit ID from kodata failed: \"ref: refs/heads/master\" is not a valid GitHub commit ID"}
{"level":"info","ts":1568886000.5378325,"logger":"fallback-logger","caller":"creds-init/main.go:40","msg":"Credentials initialized."}

Showing logs for build [32mfbelzunc-go-demo-6-master-relea-2[0m stage [32mfrom-build-pack[0m and container [32mstep-working-dir-initializer-nmglz[0m
{"level":"warn","ts":1568886001.5090961,"logger":"fallback-logger","caller":"logging/config.go:69","msg":"Fetch GitHub commit ID from kodata failed: open /var/run/ko/HEAD: no such file or directory"}
{"level":"info","ts":1568886001.510319,"logger":"fallback-logger","caller":"bash/main.go:65","msg":"Successfully executed command \"mkdir -p /workspace/source /workspace/source/charts/go-demo-6\""}

Showing logs for build [32mfbelzunc-go-demo-6-master-relea-2[0m stage [32mfrom-build-pack[0m and container [32mstep-place-tools[0m

Showing logs for build [32mfbelzunc-go-demo-6-master-relea-2[0m stage [32mfrom-build-pack[0m and container [32mstep-git-source-fbelzunc-go-demo-6-master-relea-2zvkj[0m
{"level":"warn","ts":1568886007.6330614,"logger":"fallback-logger","caller":"logging/config.go:69","msg":"Fetch GitHub commit ID from kodata failed: \"ref: refs/heads/master\" is not a valid GitHub commit ID"}
{"level":"info","ts":1568886007.9531834,"logger":"fallback-logger","caller":"git/git.go:102","msg":"Successfully cloned https://github.com/********/go-demo-6.git @ v1.0.407 in path /workspace/source"}

Showing logs for build [32mfbelzunc-go-demo-6-master-relea-2[0m stage [32mfrom-build-pack[0m and container [32mstep-git-merge[0m
Using SHAs from PULL_REFS=master:93750ed85b90a058d52ffc9b59e01709e7b204a3
WARNING: no SHAs to merge, falling back to initial cloned commit

Showing logs for build [32mfbelzunc-go-demo-6-master-relea-2[0m stage [32mfrom-build-pack[0m and container [32mstep-setup-jx-git-credentials[0m
Generated Git credentials file /workspace/xdg_config/git/credentials

Showing logs for build [32mfbelzunc-go-demo-6-master-relea-2[0m stage [32mfrom-build-pack[0m and container [32mstep-build-make-build[0m
go: finding github.com/stretchr/objx v0.1.1
go: finding github.com/prometheus/client_model v0.0.0-20180712105110-5c3871d89910
go: finding github.com/stretchr/testify v1.2.2
go: finding github.com/matttproud/golang_protobuf_extensions v1.0.1
go: finding github.com/prometheus/procfs v0.0.0-20181204211112-1dc9a6cbc91a
go: finding github.com/prometheus/client_golang v0.9.2
go: finding github.com/pmezard/go-difflib v1.0.0
go: finding github.com/prometheus/common v0.0.0-20181126121408-4724e9255275
go: finding github.com/beorn7/perks v0.0.0-20180321164747-3a771d992973
go: finding gopkg.in/mgo.v2 v2.0.0-20180705113604-9856a29383ce
go: finding github.com/golang/protobuf v1.2.0
go: finding github.com/davecgh/go-spew v1.1.1
go: finding golang.org/x/sync v0.0.0-20181108010431-42b317875d0f
go: finding golang.org/x/net v0.0.0-20181201002055-351d144fa1fc
go: downloading github.com/prometheus/client_golang v0.9.2
go: downloading gopkg.in/mgo.v2 v2.0.0-20180705113604-9856a29383ce
go: extracting github.com/prometheus/client_golang v0.9.2
go: downloading github.com/prometheus/common v0.0.0-20181126121408-4724e9255275
go: downloading github.com/beorn7/perks v0.0.0-20180321164747-3a771d992973
go: downloading github.com/prometheus/procfs v0.0.0-20181204211112-1dc9a6cbc91a
go: downloading github.com/prometheus/client_model v0.0.0-20180712105110-5c3871d89910
go: downloading github.com/golang/protobuf v1.2.0
go: extracting github.com/beorn7/perks v0.0.0-20180321164747-3a771d992973
go: extracting github.com/prometheus/client_model v0.0.0-20180712105110-5c3871d89910
go: extracting github.com/prometheus/common v0.0.0-20181126121408-4724e9255275
go: extracting gopkg.in/mgo.v2 v2.0.0-20180705113604-9856a29383ce
go: downloading github.com/matttproud/golang_protobuf_extensions v1.0.1
go: extracting github.com/prometheus/procfs v0.0.0-20181204211112-1dc9a6cbc91a
go: extracting github.com/matttproud/golang_protobuf_extensions v1.0.1
go: extracting github.com/golang/protobuf v1.2.0
CGO_ENABLED=0 GO15VENDOREXPERIMENT=1 go build -ldflags '' -o bin/go-demo-6 main.go

Showing logs for build [32mfbelzunc-go-demo-6-master-relea-2[0m stage [32mfrom-build-pack[0m and container [32mstep-build-container-build[0m
[36mINFO[0m[0000] No base image, nothing to extract            
[36mINFO[0m[0000] cmd: EXPOSE                                  
[36mINFO[0m[0000] Adding exposed port: 8080/tcp                
[36mINFO[0m[0000] Using files from context: [/workspace/source/bin] 
[36mINFO[0m[0000] Skipping unpacking as no commands require it. 
[36mINFO[0m[0000] Taking snapshot of full filesystem...        
[36mINFO[0m[0000] EXPOSE 8080                                  
[36mINFO[0m[0000] cmd: EXPOSE                                  
[36mINFO[0m[0000] Adding exposed port: 8080/tcp                
[36mINFO[0m[0000] No files changed in this command, skipping snapshotting. 
[36mINFO[0m[0000] ENTRYPOINT ["/go-demo-6"]                    
[36mINFO[0m[0000] No files changed in this command, skipping snapshotting. 
[36mINFO[0m[0000] Using files from context: [/workspace/source/bin] 
[36mINFO[0m[0000] COPY ./bin/ /                                
[36mINFO[0m[0000] Taking snapshot of files...                  
2019/09/19 09:40:22 pushed blob: sha256:f76206dd8951636fa7d7489b884c8964ad2e0e16bb305ed57d9c5a2b15353e80
2019/09/19 09:40:23 pushed blob: sha256:87b20e25dfea8a46c495ba54d4ad5f2b75183bc028cf8d9bb840f9ae95dbc5da
2019/09/19 09:40:23 gcr.io/********-123/go-demo-6:1.0.407: digest: sha256:04ac0d4021ee2393307a674328584f96a49f4f767b033131422686d**1d33508 size: 428

Showing logs for build [32mfbelzunc-go-demo-6-master-relea-2[0m stage [32mfrom-build-pack[0m and container [32mstep-build-post-build[0m
no CVE provider running in the current ** namespace so skip adding image to be analysed

Showing logs for build [32mfbelzunc-go-demo-6-master-relea-2[0m stage [32mfrom-build-pack[0m and container [32mstep-promote-changelog[0m
Converted /workspace/source/charts/go-demo-6 to an unshallow repository
Generating change log from git ref 449a0d237e1461541f91ab5de2d4c60f3fc629c3 => 415bca0b4fee66d51b2f05770e047a6b3148530d
WARNING: Failed to enrich commit 4d3a43a1fdeef97422af**9f987f81c50c979257 with issues: selected more than one user from users.jenkins.io: [******** x-0]
WARNING: Failed to enrich commit 4d3a43a1fdeef97422af**9f987f81c50c979257 with issues: selected more than one user from users.jenkins.io: [******** x-0]
Finding issues in commit messages using git format
WARNING: Failed to enrich commit 911f7e6c83f92bb75c25848a3f6e228dd8e8bf6a with issues: selected more than one user from users.jenkins.io: [******** x-0]
WARNING: Failed to enrich commit 911f7e6c83f92bb75c25848a3f6e228dd8e8bf6a with issues: selected more than one user from users.jenkins.io: [******** x-0]
WARNING: No release found for ********/go-demo-6 and tag v1.0.407 so creating a new release
Updated the release information at https://github.com/********/go-demo-6/releases/tag/v1.0.407
generated: /workspace/source/charts/go-demo-6/templates/release.yaml
Created Release go-demo-6-1-0-407 resource in namespace **
Updating PipelineActivity ********-go-demo-6-master-2 with version 1.0.407
Updated PipelineActivities ********-go-demo-6-master-2 with release notes URL: https://github.com/********/go-demo-6/releases/tag/v1.0.407

Showing logs for build [32mfbelzunc-go-demo-6-master-relea-2[0m stage [32mfrom-build-pack[0m and container [32mstep-promote-helm-release[0m
WARNING: No $CHART_REPOSITORY defined so using the default value of: http://jenkins-x-chartmuseum:8080
Adding missing Helm repo: storage.googleapis.com https://storage.googleapis.com/chartmuseum.jenkins-x.io
Successfully added Helm repository storage.googleapis.com.
Adding missing Helm repo: jenkins-x-chartmuseum http://jenkins-x-chartmuseum:8080
Successfully added Helm repository jenkins-x-chartmuseum.
WARNING: No $CHART_REPOSITORY defined so using the default value of: http://jenkins-x-chartmuseum:8080
WARNING: No $CHART_REPOSITORY defined so using the default value of: http://jenkins-x-chartmuseum:8080
Uploading chart file go-demo-6-1.0.407.tgz to http://jenkins-x-chartmuseum:8080/api/charts
Received 201 response: {"saved":true}

Showing logs for build [32mfbelzunc-go-demo-6-master-relea-2[0m stage [32mfrom-build-pack[0m and container [32mstep-promote-jx-promote[0m
WARNING: prow based install so skip waiting for the merge of Pull Requests to go green as currently there is an issue with gettingstatuses from the PR, see https://github.com/jenkins-x/jx/issues/2410
Promoting app go-demo-6 version 1.0.407 to namespace **-staging
Created Pull Request: https://github.com/********/environment-jx-rocks-staging/pull/2
Pull Request https://github.com/********/environment-jx-rocks-staging/pull/2 is merged at sha f4fecbe788b96d65b8b54bd234abbd7ca40f2f15
Pull Request merged but we are not waiting for the update pipeline to complete!
