
Showing logs for build [32mfbelzunc-go-demo-6-master-relea-pv5vf-4[0m stage [32mmeta-pipeline[0m and container [32mstep-credential-initializer-5z8jd[0m
{"level":"warn","ts":1568890968.831275,"logger":"fallback-logger","caller":"logging/config.go:69","msg":"Fetch GitHub commit ID from kodata failed: \"ref: refs/heads/master\" is not a valid GitHub commit ID"}
{"level":"info","ts":1568890968.8319278,"logger":"fallback-logger","caller":"creds-init/main.go:40","msg":"Credentials initialized."}

Showing logs for build [32mfbelzunc-go-demo-6-master-relea-pv5vf-4[0m stage [32mmeta-pipeline[0m and container [32mstep-working-dir-initializer-5kp8v[0m
{"level":"warn","ts":1568890969.7765374,"logger":"fallback-logger","caller":"logging/config.go:69","msg":"Fetch GitHub commit ID from kodata failed: open /var/run/ko/HEAD: no such file or directory"}
{"level":"info","ts":1568890969.7813585,"logger":"fallback-logger","caller":"bash/main.go:65","msg":"Successfully executed command \"mkdir -p /workspace/source\""}

Showing logs for build [32mfbelzunc-go-demo-6-master-relea-pv5vf-4[0m stage [32mmeta-pipeline[0m and container [32mstep-place-tools[0m

Showing logs for build [32mfbelzunc-go-demo-6-master-relea-pv5vf-4[0m stage [32mmeta-pipeline[0m and container [32mstep-git-source-meta-fbelzunc-go-demo-6-master-7z4xb[0m
{"level":"warn","ts":1568890975.8299575,"logger":"fallback-logger","caller":"logging/config.go:69","msg":"Fetch GitHub commit ID from kodata failed: \"ref: refs/heads/master\" is not a valid GitHub commit ID"}
{"level":"info","ts":1568890976.1726906,"logger":"fallback-logger","caller":"git/git.go:102","msg":"Successfully cloned https://github.com/********/go-demo-6.git @ e3c762412e9f2d65300d399643a1cf5efcafe827 in path /workspace/source"}

Showing logs for build [32mfbelzunc-go-demo-6-master-relea-pv5vf-4[0m stage [32mmeta-pipeline[0m and container [32mstep-git-merge[0m
Using SHAs from PULL_REFS=master:e3c762412e9f2d65300d399643a1cf5efcafe827
WARNING: no SHAs to merge, falling back to initial cloned commit

Showing logs for build [32mfbelzunc-go-demo-6-master-relea-pv5vf-4[0m stage [32mmeta-pipeline[0m and container [32mstep-merge-pull-refs[0m
SKIP merge-pull-refs: Nothing to merge

Showing logs for build [32mfbelzunc-go-demo-6-master-relea-pv5vf-4[0m stage [32mmeta-pipeline[0m and container [32mstep-create-effective-pipeline[0m
Deleting and cloning the Jenkins X versions repo
Cloning the Jenkins X versions repo https://github.com/jenkins-x/jenkins-x-versions.git with ref refs/heads/master to /builder/home/.jx/jenkins-x-versions
Effective pipeline written to jenkins-x-release-effective.yml

Showing logs for build [32mfbelzunc-go-demo-6-master-relea-pv5vf-4[0m stage [32mmeta-pipeline[0m and container [32mstep-create-tekton-crds[0m
running command: echo \$(jx-release-version) > VERSION

running command: jx step tag --version \$(cat VERSION)
Updating chart version in charts/go-demo-6/Chart.yaml to 2.0.0
Updating repository in charts/go-demo-6/values.yaml to gcr.io/********-123/go-demo-6
Updating tag in charts/go-demo-6/values.yaml to 2.0.0
Tag v2.0.0 created and pushed to remote origin

PipelineActivity for ********-go-demo-6-master-4
Applying changes 
upserted PipelineResource ********-go-demo-6-master-relea for the git repository https://github.com/********/go-demo-6.git
upserted Task ********-go-demo-6-master-relea-pv5vf-from-build-pack-4
upserted Pipeline ********-go-demo-6-master-relea-pv5vf-4
created PipelineRun ********-go-demo-6-master-relea-pv5vf-4
created PipelineStructure ********-go-demo-6-master-relea-pv5vf-4

Showing logs for build [32mfbelzunc-go-demo-6-master-relea-pv5vf-4[0m stage [32mfrom-build-pack[0m and container [32mstep-credential-initializer-t8k7v[0m
{"level":"warn","ts":1568890990.7999527,"logger":"fallback-logger","caller":"logging/config.go:69","msg":"Fetch GitHub commit ID from kodata failed: \"ref: refs/heads/master\" is not a valid GitHub commit ID"}
{"level":"info","ts":1568890990.8004787,"logger":"fallback-logger","caller":"creds-init/main.go:40","msg":"Credentials initialized."}

Showing logs for build [32mfbelzunc-go-demo-6-master-relea-pv5vf-4[0m stage [32mfrom-build-pack[0m and container [32mstep-working-dir-initializer-pkk2m[0m
{"level":"warn","ts":1568890991.8755229,"logger":"fallback-logger","caller":"logging/config.go:69","msg":"Fetch GitHub commit ID from kodata failed: open /var/run/ko/HEAD: no such file or directory"}
{"level":"info","ts":1568890991.876929,"logger":"fallback-logger","caller":"bash/main.go:65","msg":"Successfully executed command \"mkdir -p /workspace/source /workspace/source/charts/go-demo-6\""}

Showing logs for build [32mfbelzunc-go-demo-6-master-relea-pv5vf-4[0m stage [32mfrom-build-pack[0m and container [32mstep-place-tools[0m

Showing logs for build [32mfbelzunc-go-demo-6-master-relea-pv5vf-4[0m stage [32mfrom-build-pack[0m and container [32mstep-git-source-fbelzunc-go-demo-6-master-relea-fpzmb[0m
{"level":"warn","ts":1568890997.9238725,"logger":"fallback-logger","caller":"logging/config.go:69","msg":"Fetch GitHub commit ID from kodata failed: \"ref: refs/heads/master\" is not a valid GitHub commit ID"}
{"level":"info","ts":1568890998.2724614,"logger":"fallback-logger","caller":"git/git.go:102","msg":"Successfully cloned https://github.com/********/go-demo-6.git @ v2.0.0 in path /workspace/source"}

Showing logs for build [32mfbelzunc-go-demo-6-master-relea-pv5vf-4[0m stage [32mfrom-build-pack[0m and container [32mstep-git-merge[0m
Using SHAs from PULL_REFS=master:e3c762412e9f2d65300d399643a1cf5efcafe827
WARNING: no SHAs to merge, falling back to initial cloned commit

Showing logs for build [32mfbelzunc-go-demo-6-master-relea-pv5vf-4[0m stage [32mfrom-build-pack[0m and container [32mstep-setup-jx-git-credentials[0m
Generated Git credentials file /workspace/xdg_config/git/credentials

Showing logs for build [32mfbelzunc-go-demo-6-master-relea-pv5vf-4[0m stage [32mfrom-build-pack[0m and container [32mstep-build-make-build[0m
go: finding github.com/prometheus/client_model v0.0.0-20180712105110-5c3871d89910
go: finding github.com/stretchr/testify v1.2.2
go: finding github.com/prometheus/procfs v0.0.0-20181204211112-1dc9a6cbc91a
go: finding github.com/matttproud/golang_protobuf_extensions v1.0.1
go: finding github.com/pmezard/go-difflib v1.0.0
go: finding github.com/beorn7/perks v0.0.0-20180321164747-3a771d992973
go: finding github.com/golang/protobuf v1.2.0
go: finding github.com/davecgh/go-spew v1.1.1
go: finding github.com/stretchr/objx v0.1.1
go: finding gopkg.in/mgo.v2 v2.0.0-20180705113604-9856a29383ce
go: finding github.com/prometheus/client_golang v0.9.2
go: finding github.com/prometheus/common v0.0.0-20181126121408-4724e9255275
go: finding golang.org/x/sync v0.0.0-20181108010431-42b317875d0f
go: finding golang.org/x/net v0.0.0-20181201002055-351d144fa1fc
go: downloading github.com/prometheus/client_golang v0.9.2
go: downloading gopkg.in/mgo.v2 v2.0.0-20180705113604-9856a29383ce
go: extracting github.com/prometheus/client_golang v0.9.2
go: downloading github.com/prometheus/common v0.0.0-20181126121408-4724e9255275
go: downloading github.com/beorn7/perks v0.0.0-20180321164747-3a771d992973
go: downloading github.com/prometheus/procfs v0.0.0-20181204211112-1dc9a6cbc91a
go: downloading github.com/prometheus/client_model v0.0.0-20180712105110-5c3871d89910
go: downloading github.com/golang/protobuf v1.2.0
go: extracting github.com/beorn7/perks v0.0.0-20180321164747-3a771d992973
go: extracting github.com/prometheus/client_model v0.0.0-20180712105110-5c3871d89910
go: extracting github.com/prometheus/procfs v0.0.0-20181204211112-1dc9a6cbc91a
go: extracting github.com/prometheus/common v0.0.0-20181126121408-4724e9255275
go: extracting gopkg.in/mgo.v2 v2.0.0-20180705113604-9856a29383ce
go: downloading github.com/matttproud/golang_protobuf_extensions v1.0.1
go: extracting github.com/matttproud/golang_protobuf_extensions v1.0.1
go: extracting github.com/golang/protobuf v1.2.0
CGO_ENABLED=0 GO15VENDOREXPERIMENT=1 go build -ldflags '' -o bin/go-demo-6 main.go

Showing logs for build [32mfbelzunc-go-demo-6-master-relea-pv5vf-4[0m stage [32mfrom-build-pack[0m and container [32mstep-build-container-build[0m
[36mINFO[0m[0000] No base image, nothing to extract            
[36mINFO[0m[0000] cmd: EXPOSE                                  
[36mINFO[0m[0000] Adding exposed port: 8080/tcp                
[36mINFO[0m[0000] Using files from context: [/workspace/source/bin] 
[36mINFO[0m[0000] Skipping unpacking as no commands require it. 
[36mINFO[0m[0000] Taking snapshot of full filesystem...        
[36mINFO[0m[0000] EXPOSE 8080                                  
[36mINFO[0m[0000] cmd: EXPOSE                                  
[36mINFO[0m[0000] Adding exposed port: 8080/tcp                
[36mINFO[0m[0000] No files changed in this command, skipping snapshotting. 
[36mINFO[0m[0000] ENTRYPOINT ["/go-demo-6"]                    
[36mINFO[0m[0000] No files changed in this command, skipping snapshotting. 
[36mINFO[0m[0000] Using files from context: [/workspace/source/bin] 
[36mINFO[0m[0000] COPY ./bin/ /                                
[36mINFO[0m[0000] Taking snapshot of files...                  
2019/09/19 11:03:33 pushed blob: sha256:2c9d9d2c6dd13667bf119c0fe2f092f437372bba1837feaeecff6b26f22bca60
2019/09/19 11:03:33 pushed blob: sha256:1a5aa2b1c0667e3467a499840aebaf5072f3b2f1f19f99d2c881f17c4f144b42
2019/09/19 11:03:34 gcr.io/********-123/go-demo-6:2.0.0: digest: sha256:d3576814cca96b55c620b2f9035792ac77be6fc5c032c5c61ab775c6f1241229 size: 428

Showing logs for build [32mfbelzunc-go-demo-6-master-relea-pv5vf-4[0m stage [32mfrom-build-pack[0m and container [32mstep-build-post-build[0m
no CVE provider running in the current ** namespace so skip adding image to be analysed

Showing logs for build [32mfbelzunc-go-demo-6-master-relea-pv5vf-4[0m stage [32mfrom-build-pack[0m and container [32mstep-promote-changelog[0m
Converted /workspace/source/charts/go-demo-6 to an unshallow repository
Generating change log from git ref 17b781902265124ef6eef205158725a256370aac => 1029564ebb0ec6377**5011ce6aab0c18ef2dddb
WARNING: Failed to enrich commit e3c762412e9f2d65300d399643a1cf5efcafe827 with issues: selected more than one user from users.jenkins.io: [******** x-0]
WARNING: Failed to enrich commit e3c762412e9f2d65300d399643a1cf5efcafe827 with issues: selected more than one user from users.jenkins.io: [******** x-0]
Finding issues in commit messages using git format
WARNING: No release found for ********/go-demo-6 and tag v2.0.0 so creating a new release
Updated the release information at https://github.com/********/go-demo-6/releases/tag/v2.0.0
generated: /workspace/source/charts/go-demo-6/templates/release.yaml
Created Release go-demo-6-2-0-0 resource in namespace **
Updating PipelineActivity ********-go-demo-6-master-4 with version 2.0.0
Updated PipelineActivities ********-go-demo-6-master-4 with release notes URL: https://github.com/********/go-demo-6/releases/tag/v2.0.0

Showing logs for build [32mfbelzunc-go-demo-6-master-relea-pv5vf-4[0m stage [32mfrom-build-pack[0m and container [32mstep-promote-helm-release[0m
WARNING: No $CHART_REPOSITORY defined so using the default value of: http://jenkins-x-chartmuseum:8080
Adding missing Helm repo: storage.googleapis.com https://storage.googleapis.com/chartmuseum.jenkins-x.io
Successfully added Helm repository storage.googleapis.com.
Adding missing Helm repo: jenkins-x-chartmuseum http://jenkins-x-chartmuseum:8080
Successfully added Helm repository jenkins-x-chartmuseum.
WARNING: No $CHART_REPOSITORY defined so using the default value of: http://jenkins-x-chartmuseum:8080
WARNING: No $CHART_REPOSITORY defined so using the default value of: http://jenkins-x-chartmuseum:8080
Uploading chart file go-demo-6-2.0.0.tgz to http://jenkins-x-chartmuseum:8080/api/charts
Received 201 response: {"saved":true}

Showing logs for build [32mfbelzunc-go-demo-6-master-relea-pv5vf-4[0m stage [32mfrom-build-pack[0m and container [32mstep-promote-jx-promote[0m
WARNING: prow based install so skip waiting for the merge of Pull Requests to go green as currently there is an issue with gettingstatuses from the PR, see https://github.com/jenkins-x/jx/issues/2410
Promoting app go-demo-6 version 2.0.0 to namespace **-staging
Created Pull Request: https://github.com/********/environment-jx-rocks-staging/pull/4
Pull Request https://github.com/********/environment-jx-rocks-staging/pull/4 is merged at sha 57030aac35db3a5285a5a6e0a58a4bb1bdbd77ec
Pull Request merged but we are not waiting for the update pipeline to complete!
