
Showing logs for build [32mfbelzunc-go-demo-6-master-relea-w5zjh-5[0m stage [32mmeta-pipeline[0m and container [32mstep-credential-initializer-xd2dt[0m
{"level":"warn","ts":1568892848.2640796,"logger":"fallback-logger","caller":"logging/config.go:69","msg":"Fetch GitHub commit ID from kodata failed: \"ref: refs/heads/master\" is not a valid GitHub commit ID"}
{"level":"info","ts":1568892848.2647672,"logger":"fallback-logger","caller":"creds-init/main.go:40","msg":"Credentials initialized."}

Showing logs for build [32mfbelzunc-go-demo-6-master-relea-w5zjh-5[0m stage [32mmeta-pipeline[0m and container [32mstep-working-dir-initializer-9xllm[0m
{"level":"warn","ts":1568892849.2152743,"logger":"fallback-logger","caller":"logging/config.go:69","msg":"Fetch GitHub commit ID from kodata failed: open /var/run/ko/HEAD: no such file or directory"}
{"level":"info","ts":1568892849.2164547,"logger":"fallback-logger","caller":"bash/main.go:65","msg":"Successfully executed command \"mkdir -p /workspace/source\""}

Showing logs for build [32mfbelzunc-go-demo-6-master-relea-w5zjh-5[0m stage [32mmeta-pipeline[0m and container [32mstep-place-tools[0m

Showing logs for build [32mfbelzunc-go-demo-6-master-relea-w5zjh-5[0m stage [32mmeta-pipeline[0m and container [32mstep-git-source-meta-fbelzunc-go-demo-6-master-cqvcp[0m
{"level":"warn","ts":1568892855.2779307,"logger":"fallback-logger","caller":"logging/config.go:69","msg":"Fetch GitHub commit ID from kodata failed: \"ref: refs/heads/master\" is not a valid GitHub commit ID"}
{"level":"info","ts":1568892855.6138763,"logger":"fallback-logger","caller":"git/git.go:102","msg":"Successfully cloned https://github.com/********/go-demo-6.git @ 0dc9612a21fcb56899ebe66fdae5f7de82cb7153 in path /workspace/source"}

Showing logs for build [32mfbelzunc-go-demo-6-master-relea-w5zjh-5[0m stage [32mmeta-pipeline[0m and container [32mstep-git-merge[0m
Using SHAs from PULL_REFS=master:0dc9612a21fcb56899ebe66fdae5f7de82cb7153
WARNING: no SHAs to merge, falling back to initial cloned commit

Showing logs for build [32mfbelzunc-go-demo-6-master-relea-w5zjh-5[0m stage [32mmeta-pipeline[0m and container [32mstep-merge-pull-refs[0m
SKIP merge-pull-refs: Nothing to merge

Showing logs for build [32mfbelzunc-go-demo-6-master-relea-w5zjh-5[0m stage [32mmeta-pipeline[0m and container [32mstep-create-effective-pipeline[0m
Deleting and cloning the Jenkins X versions repo
Cloning the Jenkins X versions repo https://github.com/jenkins-x/jenkins-x-versions.git with ref refs/heads/master to /builder/home/.jx/jenkins-x-versions
Effective pipeline written to jenkins-x-release-effective.yml

Showing logs for build [32mfbelzunc-go-demo-6-master-relea-w5zjh-5[0m stage [32mmeta-pipeline[0m and container [32mstep-create-tekton-crds[0m
running command: echo \$(jx-release-version) > VERSION

running command: jx step tag --version \$(cat VERSION)
Updating chart version in charts/go-demo-6/Chart.yaml to 2.0.1
Updating repository in charts/go-demo-6/values.yaml to gcr.io/********-123/go-demo-6
Updating tag in charts/go-demo-6/values.yaml to 2.0.1
Tag v2.0.1 created and pushed to remote origin

PipelineActivity for ********-go-demo-6-master-5
Applying changes 
upserted PipelineResource ********-go-demo-6-master-relea for the git repository https://github.com/********/go-demo-6.git
upserted Task ********-go-demo-6-master-relea-w5zjh-from-build-pack-5
upserted Pipeline ********-go-demo-6-master-relea-w5zjh-5
created PipelineRun ********-go-demo-6-master-relea-w5zjh-5
created PipelineStructure ********-go-demo-6-master-relea-w5zjh-5

Showing logs for build [32mfbelzunc-go-demo-6-master-relea-w5zjh-5[0m stage [32mfrom-build-pack[0m and container [32mstep-credential-initializer-jpc8z[0m
{"level":"warn","ts":1568892866.1019936,"logger":"fallback-logger","caller":"logging/config.go:69","msg":"Fetch GitHub commit ID from kodata failed: \"ref: refs/heads/master\" is not a valid GitHub commit ID"}
{"level":"info","ts":1568892866.1024876,"logger":"fallback-logger","caller":"creds-init/main.go:40","msg":"Credentials initialized."}

Showing logs for build [32mfbelzunc-go-demo-6-master-relea-w5zjh-5[0m stage [32mfrom-build-pack[0m and container [32mstep-working-dir-initializer-6kvrs[0m
{"level":"warn","ts":1568892867.0364492,"logger":"fallback-logger","caller":"logging/config.go:69","msg":"Fetch GitHub commit ID from kodata failed: open /var/run/ko/HEAD: no such file or directory"}
{"level":"info","ts":1568892867.0383255,"logger":"fallback-logger","caller":"bash/main.go:65","msg":"Successfully executed command \"mkdir -p /workspace/source /workspace/source/charts/go-demo-6\""}

Showing logs for build [32mfbelzunc-go-demo-6-master-relea-w5zjh-5[0m stage [32mfrom-build-pack[0m and container [32mstep-place-tools[0m

Showing logs for build [32mfbelzunc-go-demo-6-master-relea-w5zjh-5[0m stage [32mfrom-build-pack[0m and container [32mstep-git-source-fbelzunc-go-demo-6-master-relea-5njms[0m
{"level":"warn","ts":1568892873.1869051,"logger":"fallback-logger","caller":"logging/config.go:69","msg":"Fetch GitHub commit ID from kodata failed: \"ref: refs/heads/master\" is not a valid GitHub commit ID"}
{"level":"info","ts":1568892873.5451925,"logger":"fallback-logger","caller":"git/git.go:102","msg":"Successfully cloned https://github.com/********/go-demo-6.git @ v2.0.1 in path /workspace/source"}

Showing logs for build [32mfbelzunc-go-demo-6-master-relea-w5zjh-5[0m stage [32mfrom-build-pack[0m and container [32mstep-git-merge[0m
Using SHAs from PULL_REFS=master:0dc9612a21fcb56899ebe66fdae5f7de82cb7153
WARNING: no SHAs to merge, falling back to initial cloned commit

Showing logs for build [32mfbelzunc-go-demo-6-master-relea-w5zjh-5[0m stage [32mfrom-build-pack[0m and container [32mstep-setup-jx-git-credentials[0m
Generated Git credentials file /workspace/xdg_config/git/credentials

Showing logs for build [32mfbelzunc-go-demo-6-master-relea-w5zjh-5[0m stage [32mfrom-build-pack[0m and container [32mstep-build-make-build[0m
go: finding github.com/stretchr/objx v0.1.1
go: finding github.com/stretchr/testify v1.2.2
go: finding github.com/pmezard/go-difflib v1.0.0
go: finding github.com/prometheus/client_model v0.0.0-20180712105110-5c3871d89910
go: finding github.com/golang/protobuf v1.2.0
go: finding github.com/davecgh/go-spew v1.1.1
go: finding github.com/beorn7/perks v0.0.0-20180321164747-3a771d992973
go: finding github.com/prometheus/client_golang v0.9.2
go: finding github.com/matttproud/golang_protobuf_extensions v1.0.1
go: finding gopkg.in/mgo.v2 v2.0.0-20180705113604-9856a29383ce
go: finding github.com/prometheus/common v0.0.0-20181126121408-4724e9255275
go: finding github.com/prometheus/procfs v0.0.0-20181204211112-1dc9a6cbc91a
go: finding golang.org/x/sync v0.0.0-20181108010431-42b317875d0f
go: finding golang.org/x/net v0.0.0-20181201002055-351d144fa1fc
go: downloading gopkg.in/mgo.v2 v2.0.0-20180705113604-9856a29383ce
go: downloading github.com/prometheus/client_golang v0.9.2
go: extracting github.com/prometheus/client_golang v0.9.2
go: downloading github.com/prometheus/common v0.0.0-20181126121408-4724e9255275
go: downloading github.com/beorn7/perks v0.0.0-20180321164747-3a771d992973
go: downloading github.com/prometheus/procfs v0.0.0-20181204211112-1dc9a6cbc91a
go: downloading github.com/golang/protobuf v1.2.0
go: downloading github.com/prometheus/client_model v0.0.0-20180712105110-5c3871d89910
go: extracting github.com/beorn7/perks v0.0.0-20180321164747-3a771d992973
go: extracting github.com/prometheus/client_model v0.0.0-20180712105110-5c3871d89910
go: extracting github.com/prometheus/common v0.0.0-20181126121408-4724e9255275
go: extracting github.com/prometheus/procfs v0.0.0-20181204211112-1dc9a6cbc91a
go: downloading github.com/matttproud/golang_protobuf_extensions v1.0.1
go: extracting gopkg.in/mgo.v2 v2.0.0-20180705113604-9856a29383ce
go: extracting github.com/matttproud/golang_protobuf_extensions v1.0.1
go: extracting github.com/golang/protobuf v1.2.0
CGO_ENABLED=0 GO15VENDOREXPERIMENT=1 go build -ldflags '' -o bin/go-demo-6 main.go

Showing logs for build [32mfbelzunc-go-demo-6-master-relea-w5zjh-5[0m stage [32mfrom-build-pack[0m and container [32mstep-build-container-build[0m
[36mINFO[0m[0000] No base image, nothing to extract            
[36mINFO[0m[0000] cmd: EXPOSE                                  
[36mINFO[0m[0000] Adding exposed port: 8080/tcp                
[36mINFO[0m[0000] Using files from context: [/workspace/source/bin] 
[36mINFO[0m[0000] Skipping unpacking as no commands require it. 
[36mINFO[0m[0000] Taking snapshot of full filesystem...        
[36mINFO[0m[0000] EXPOSE 8080                                  
[36mINFO[0m[0000] cmd: EXPOSE                                  
[36mINFO[0m[0000] Adding exposed port: 8080/tcp                
[36mINFO[0m[0000] No files changed in this command, skipping snapshotting. 
[36mINFO[0m[0000] ENTRYPOINT ["/go-demo-6"]                    
[36mINFO[0m[0000] No files changed in this command, skipping snapshotting. 
[36mINFO[0m[0000] Using files from context: [/workspace/source/bin] 
[36mINFO[0m[0000] COPY ./bin/ /                                
[36mINFO[0m[0000] Taking snapshot of files...                  
2019/09/19 11:34:48 pushed blob: sha256:7511573fec54d6ecf7a8f6714de4cf55c02c557bcb47ff47d6219566da08bcfa
2019/09/19 11:34:48 pushed blob: sha256:6b02e3d5227f032d9d81b677856c11780cc07e766e6b7c24570cc701831ee8a6
2019/09/19 11:34:49 gcr.io/********-123/go-demo-6:2.0.1: digest: sha256:08a83aad3413d4a30ec934e93d194d0c22de10104b11e58a4b3480eeef6e6334 size: 428

Showing logs for build [32mfbelzunc-go-demo-6-master-relea-w5zjh-5[0m stage [32mfrom-build-pack[0m and container [32mstep-build-post-build[0m
no CVE provider running in the current ** namespace so skip adding image to be analysed

Showing logs for build [32mfbelzunc-go-demo-6-master-relea-w5zjh-5[0m stage [32mfrom-build-pack[0m and container [32mstep-promote-changelog[0m
Converted /workspace/source/charts/go-demo-6 to an unshallow repository
Generating change log from git ref 1029564ebb0ec6377**5011ce6aab0c18ef2dddb => b3c14ff641a644d02671263a7066c4a4d0078f38
WARNING: Failed to enrich commit 0dc9612a21fcb56899ebe66fdae5f7de82cb7153 with issues: selected more than one user from users.jenkins.io: [******** x-0]
WARNING: Failed to enrich commit 0dc9612a21fcb56899ebe66fdae5f7de82cb7153 with issues: selected more than one user from users.jenkins.io: [******** x-0]
Finding issues in commit messages using git format
WARNING: No release found for ********/go-demo-6 and tag v2.0.1 so creating a new release
Updated the release information at https://github.com/********/go-demo-6/releases/tag/v2.0.1
generated: /workspace/source/charts/go-demo-6/templates/release.yaml
Created Release go-demo-6-2-0-1 resource in namespace **
Updating PipelineActivity ********-go-demo-6-master-5 with version 2.0.1
Updated PipelineActivities ********-go-demo-6-master-5 with release notes URL: https://github.com/********/go-demo-6/releases/tag/v2.0.1

Showing logs for build [32mfbelzunc-go-demo-6-master-relea-w5zjh-5[0m stage [32mfrom-build-pack[0m and container [32mstep-promote-helm-release[0m
WARNING: No $CHART_REPOSITORY defined so using the default value of: http://jenkins-x-chartmuseum:8080
Adding missing Helm repo: storage.googleapis.com https://storage.googleapis.com/chartmuseum.jenkins-x.io
Successfully added Helm repository storage.googleapis.com.
Adding missing Helm repo: jenkins-x-chartmuseum http://jenkins-x-chartmuseum:8080
Successfully added Helm repository jenkins-x-chartmuseum.
WARNING: No $CHART_REPOSITORY defined so using the default value of: http://jenkins-x-chartmuseum:8080
WARNING: No $CHART_REPOSITORY defined so using the default value of: http://jenkins-x-chartmuseum:8080
Uploading chart file go-demo-6-2.0.1.tgz to http://jenkins-x-chartmuseum:8080/api/charts
Received 201 response: {"saved":true}

Showing logs for build [32mfbelzunc-go-demo-6-master-relea-w5zjh-5[0m stage [32mfrom-build-pack[0m and container [32mstep-promote-jx-promote[0m
WARNING: prow based install so skip waiting for the merge of Pull Requests to go green as currently there is an issue with gettingstatuses from the PR, see https://github.com/jenkins-x/jx/issues/2410
Promoting app go-demo-6 version 2.0.1 to namespace **-staging
Created Pull Request: https://github.com/********/environment-jx-rocks-staging/pull/5
Pull Request https://github.com/********/environment-jx-rocks-staging/pull/5 is merged at sha dc664b6264c55432a549537c7e85edbcee154493
Pull Request merged but we are not waiting for the update pipeline to complete!
