
Showing logs for build [32mfbelzunc-go-demo-6-pr-1-serverl-1[0m stage [32mmeta-pipeline[0m and container [32mstep-credential-initializer-v8dvm[0m
{"level":"warn","ts":1568884746.9646528,"logger":"fallback-logger","caller":"logging/config.go:69","msg":"Fetch GitHub commit ID from kodata failed: \"ref: refs/heads/master\" is not a valid GitHub commit ID"}
{"level":"info","ts":1568884746.9654508,"logger":"fallback-logger","caller":"creds-init/main.go:40","msg":"Credentials initialized."}

Showing logs for build [32mfbelzunc-go-demo-6-pr-1-serverl-1[0m stage [32mmeta-pipeline[0m and container [32mstep-working-dir-initializer-7rv98[0m
{"level":"warn","ts":1568884748.2059774,"logger":"fallback-logger","caller":"logging/config.go:69","msg":"Fetch GitHub commit ID from kodata failed: open /var/run/ko/HEAD: no such file or directory"}
{"level":"info","ts":1568884748.2073488,"logger":"fallback-logger","caller":"bash/main.go:65","msg":"Successfully executed command \"mkdir -p /workspace/source\""}

Showing logs for build [32mfbelzunc-go-demo-6-pr-1-serverl-1[0m stage [32mmeta-pipeline[0m and container [32mstep-place-tools[0m

Showing logs for build [32mfbelzunc-go-demo-6-pr-1-serverl-1[0m stage [32mmeta-pipeline[0m and container [32mstep-git-source-meta-fbelzunc-go-demo-6-pr-1-se-s75nr[0m
{"level":"warn","ts":1568884754.2911913,"logger":"fallback-logger","caller":"logging/config.go:69","msg":"Fetch GitHub commit ID from kodata failed: \"ref: refs/heads/master\" is not a valid GitHub commit ID"}
{"level":"info","ts":1568884754.6175828,"logger":"fallback-logger","caller":"git/git.go:102","msg":"Successfully cloned https://github.com/********/go-demo-6.git @ 68c3f28e166a9f4815944285f344196c5e484710 in path /workspace/source"}

Showing logs for build [32mfbelzunc-go-demo-6-pr-1-serverl-1[0m stage [32mmeta-pipeline[0m and container [32mstep-git-merge[0m
Using SHAs from PULL_REFS=master:68c3f28e166a9f4815944285f344196c5e484710,1:911f7e6c83f92bb75c25848a3f6e228dd8e8bf6a
DEBUG: ran git fetch --unshallow origin 911f7e6c83f92bb75c25848a3f6e228dd8e8bf6a: 68c3f28e166a9f4815944285f344196c5e484710: in 
DEBUG: ran git checkout master in 
DEBUG: ran git reset --hard 68c3f28e166a9f4815944285f344196c5e484710 in 
DEBUG: ran clean --force -d . in 
DEBUG: ran git merge 911f7e6c83f92bb75c25848a3f6e228dd8e8bf6a in 
Merged SHA 911f7e6c83f92bb75c25848a3f6e228dd8e8bf6a with commit message 'This is a PR' into base branch master

Showing logs for build [32mfbelzunc-go-demo-6-pr-1-serverl-1[0m stage [32mmeta-pipeline[0m and container [32mstep-merge-pull-refs[0m
DEBUG: ran git fetch origin 911f7e6c83f92bb75c25848a3f6e228dd8e8bf6a: 68c3f28e166a9f4815944285f344196c5e484710: in 
DEBUG: Unshallowed git repo in 
DEBUG: ran git checkout master in 
DEBUG: ran git reset --hard 68c3f28e166a9f4815944285f344196c5e484710 in 
DEBUG: ran clean --force -d . in 
DEBUG: ran git merge 911f7e6c83f92bb75c25848a3f6e228dd8e8bf6a in 
Merged SHA 911f7e6c83f92bb75c25848a3f6e228dd8e8bf6a with commit message 'This is a PR' into base branch master

Showing logs for build [32mfbelzunc-go-demo-6-pr-1-serverl-1[0m stage [32mmeta-pipeline[0m and container [32mstep-create-effective-pipeline[0m
Deleting and cloning the Jenkins X versions repo
Cloning the Jenkins X versions repo https://github.com/jenkins-x/jenkins-x-versions.git with ref refs/heads/master to /builder/home/.jx/jenkins-x-versions
Effective pipeline written to jenkins-x-serverless-jenkins-effective.yml

Showing logs for build [32mfbelzunc-go-demo-6-pr-1-serverl-1[0m stage [32mmeta-pipeline[0m and container [32mstep-create-tekton-crds[0m
PipelineActivity for ********-go-demo-6-PR-1-1
Applying changes 
upserted PipelineResource ********-go-demo-6-pr-1-serverl for the git repository https://github.com/********/go-demo-6.git
upserted Task ********-go-demo-6-pr-1-serverl-from-build-pack-1
upserted Pipeline ********-go-demo-6-pr-1-serverl-1
created PipelineRun ********-go-demo-6-pr-1-serverl-1
created PipelineStructure ********-go-demo-6-pr-1-serverl-1

Showing logs for build [32mfbelzunc-go-demo-6-pr-1-serverl-1[0m stage [32mfrom-build-pack[0m and container [32mstep-credential-initializer-8j7b9[0m
{"level":"warn","ts":1568884765.7068946,"logger":"fallback-logger","caller":"logging/config.go:69","msg":"Fetch GitHub commit ID from kodata failed: \"ref: refs/heads/master\" is not a valid GitHub commit ID"}
{"level":"info","ts":1568884765.7073846,"logger":"fallback-logger","caller":"creds-init/main.go:40","msg":"Credentials initialized."}

Showing logs for build [32mfbelzunc-go-demo-6-pr-1-serverl-1[0m stage [32mfrom-build-pack[0m and container [32mstep-working-dir-initializer-6dpk6[0m
{"level":"warn","ts":1568884766.018986,"logger":"fallback-logger","caller":"logging/config.go:69","msg":"Fetch GitHub commit ID from kodata failed: open /var/run/ko/HEAD: no such file or directory"}
{"level":"info","ts":1568884766.020275,"logger":"fallback-logger","caller":"bash/main.go:65","msg":"Successfully executed command \"mkdir -p /workspace/source /workspace/source/charts/preview\""}

Showing logs for build [32mfbelzunc-go-demo-6-pr-1-serverl-1[0m stage [32mfrom-build-pack[0m and container [32mstep-place-tools[0m

Showing logs for build [32mfbelzunc-go-demo-6-pr-1-serverl-1[0m stage [32mfrom-build-pack[0m and container [32mstep-git-source-fbelzunc-go-demo-6-pr-1-serverl-t52v6[0m
{"level":"warn","ts":1568884773.0831313,"logger":"fallback-logger","caller":"logging/config.go:69","msg":"Fetch GitHub commit ID from kodata failed: \"ref: refs/heads/master\" is not a valid GitHub commit ID"}
{"level":"info","ts":1568884773.4344156,"logger":"fallback-logger","caller":"git/git.go:102","msg":"Successfully cloned https://github.com/********/go-demo-6.git @ master in path /workspace/source"}

Showing logs for build [32mfbelzunc-go-demo-6-pr-1-serverl-1[0m stage [32mfrom-build-pack[0m and container [32mstep-git-merge[0m
Using SHAs from PULL_REFS=master:68c3f28e166a9f4815944285f344196c5e484710,1:911f7e6c83f92bb75c25848a3f6e228dd8e8bf6a
DEBUG: ran git fetch --unshallow origin 911f7e6c83f92bb75c25848a3f6e228dd8e8bf6a: 68c3f28e166a9f4815944285f344196c5e484710: in 
DEBUG: ran git checkout master in 
DEBUG: ran git reset --hard 68c3f28e166a9f4815944285f344196c5e484710 in 
DEBUG: ran clean --force -d . in 
DEBUG: ran git merge 911f7e6c83f92bb75c25848a3f6e228dd8e8bf6a in 
Merged SHA 911f7e6c83f92bb75c25848a3f6e228dd8e8bf6a with commit message 'This is a PR' into base branch master

Showing logs for build [32mfbelzunc-go-demo-6-pr-1-serverl-1[0m stage [32mfrom-build-pack[0m and container [32mstep-build-make-linux[0m
go: finding github.com/prometheus/client_golang v0.9.2
go: finding github.com/stretchr/testify v1.2.2
go: finding github.com/stretchr/objx v0.1.1
go: finding github.com/prometheus/client_model v0.0.0-20180712105110-5c3871d89910
go: finding github.com/davecgh/go-spew v1.1.1
go: finding github.com/golang/protobuf v1.2.0
go: finding github.com/matttproud/golang_protobuf_extensions v1.0.1
go: finding github.com/pmezard/go-difflib v1.0.0
go: finding github.com/beorn7/perks v0.0.0-20180321164747-3a771d992973
go: finding github.com/prometheus/common v0.0.0-20181126121408-4724e9255275
go: finding github.com/prometheus/procfs v0.0.0-20181204211112-1dc9a6cbc91a
go: finding golang.org/x/sync v0.0.0-20181108010431-42b317875d0f
go: finding golang.org/x/net v0.0.0-20181201002055-351d144fa1fc
go: gopkg.in/mgo.v2@v2.0.0-20180705113604-9856a29383ce: unrecognized import path "gopkg.in/mgo.v2" (parse https://gopkg.in/mgo.v2?go-get=1: no go-import meta tags ())
go: error loading module requirements
go: finding gopkg.in/mgo.v2 v2.0.0-20180705113604-9856a29383ce
go: gopkg.in/mgo.v2@v2.0.0-20180705113604-9856a29383ce: git fetch -f origin refs/heads/*:refs/heads/* refs/tags/*:refs/tags/* in /home/jenkins/go/pkg/mod/cache/vcs/71c6fba555fd7b185c93dcad3ed507d63007e825cf56a4a329b0e102990a7036: exit status 128:
	remote: Cannot obtain refs from GitHub: cannot talk to GitHub: Get https://github.com/go-mgo/mgo.git/info/refs?service=git-upload-pack: dial tcp 192.30.253.112:443: socket: too many open files
	fatal: unable to access 'https://gopkg.in/mgo.v2/': The requested URL returned error: 502
go: error loading module requirements
CGO_ENABLED=0 GOOS=linux GOARCH=amd64 GO15VENDOREXPERIMENT=1 go build -ldflags '' -o bin/go-demo-6 main.go
go: gopkg.in/mgo.v2@v2.0.0-20180705113604-9856a29383ce: unrecognized import path "gopkg.in/mgo.v2" (parse https://gopkg.in/mgo.v2?go-get=1: no go-import meta tags ())
go: error loading module requirements
make: *** [linux] Error 1
[31m
Pipeline failed on stage 'from-build-pack' : container 'step-build-make-linux'. The execution of the pipeline has stopped.[0m
